<?xml version="1.0" encoding="UTF-8"?>
<testng-results skipped="0" failed="0" ignored="0" total="2" passed="2">
  <reporter-output>
  </reporter-output>
  <suite name="Default suite" duration-ms="25" started-at="2020-11-19T09:35:04Z" finished-at="2020-11-19T09:35:04Z">
    <groups>
    </groups>
    <test name="Default test" duration-ms="25" started-at="2020-11-19T09:35:04Z" finished-at="2020-11-19T09:35:04Z">
      <class name="test.eg1">
        <test-method status="PASS" signature="demo()[pri:0, instance:test.eg1@1810399e]" name="demo" duration-ms="7" started-at="2020-11-19T09:35:04Z" finished-at="2020-11-19T09:35:04Z">
          <reporter-output>
          </reporter-output>
        </test-method> <!-- demo -->
        <test-method status="PASS" signature="demo2()[pri:0, instance:test.eg1@1810399e]" name="demo2" duration-ms="1" started-at="2020-11-19T09:35:04Z" finished-at="2020-11-19T09:35:04Z">
          <reporter-output>
          </reporter-output>
        </test-method> <!-- demo2 -->
      </class> <!-- test.eg1 -->
    </test> <!-- Default test -->
  </suite> <!-- Default suite -->
</testng-results>
